CRITICAL - 2023-08-13 16:55:07 --> syntax error, unexpected token "extends"
in APPPATH\Views\Templates\Signup.php on line 1.
 1 SYSTEMPATH\View\View.php(227): CodeIgniter\View\View->CodeIgniter\View\{closure}()
 2 SYSTEMPATH\Common.php(1180): CodeIgniter\View\View->render('Templates/Signup.php', [], true)
 3 APPPATH\Controllers\Home.php(17): view('Templates/Signup.php')
 4 SYSTEMPATH\CodeIgniter.php(932): App\Controllers\Home->signup()
 5 SYSTEMPATH\CodeIgniter.php(497): CodeIgniter\CodeIgniter->runController(Object(App\Controllers\Home))
 6 SYSTEMPATH\CodeIgniter.php(366): CodeIgniter\CodeIgniter->handleRequest(null, Object(Config\Cache), false)
 7 FCPATH\index.php(67): CodeIgniter\CodeIgniter->run()
CRITICAL - 2023-08-13 16:56:33 --> syntax error, unexpected token "extends"
in APPPATH\Views\Templates\Signup.php on line 1.
 1 SYSTEMPATH\View\View.php(227): CodeIgniter\View\View->CodeIgniter\View\{closure}()
 2 SYSTEMPATH\Common.php(1180): CodeIgniter\View\View->render('Templates/Signup.php', [], true)
 3 APPPATH\Controllers\Home.php(17): view('Templates/Signup.php')
 4 SYSTEMPATH\CodeIgniter.php(932): App\Controllers\Home->signup()
 5 SYSTEMPATH\CodeIgniter.php(497): CodeIgniter\CodeIgniter->runController(Object(App\Controllers\Home))
 6 SYSTEMPATH\CodeIgniter.php(366): CodeIgniter\CodeIgniter->handleRequest(null, Object(Config\Cache), false)
 7 FCPATH\index.php(67): CodeIgniter\CodeIgniter->run()
CRITICAL - 2023-08-13 16:56:49 --> syntax error, unexpected token "extends"
in APPPATH\Views\Templates\Signup.php on line 1.
 1 SYSTEMPATH\View\View.php(227): CodeIgniter\View\View->CodeIgniter\View\{closure}()
 2 SYSTEMPATH\Common.php(1180): CodeIgniter\View\View->render('Templates/Signup.php', [], true)
 3 APPPATH\Controllers\Home.php(17): view('Templates/Signup.php')
 4 SYSTEMPATH\CodeIgniter.php(932): App\Controllers\Home->signup()
 5 SYSTEMPATH\CodeIgniter.php(497): CodeIgniter\CodeIgniter->runController(Object(App\Controllers\Home))
 6 SYSTEMPATH\CodeIgniter.php(366): CodeIgniter\CodeIgniter->handleRequest(null, Object(Config\Cache), false)
 7 FCPATH\index.php(67): CodeIgniter\CodeIgniter->run()
CRITICAL - 2023-08-13 16:56:50 --> syntax error, unexpected token "extends"
in APPPATH\Views\Templates\Signup.php on line 1.
 1 SYSTEMPATH\View\View.php(227): CodeIgniter\View\View->CodeIgniter\View\{closure}()
 2 SYSTEMPATH\Common.php(1180): CodeIgniter\View\View->render('Templates/Signup.php', [], true)
 3 APPPATH\Controllers\Home.php(17): view('Templates/Signup.php')
 4 SYSTEMPATH\CodeIgniter.php(932): App\Controllers\Home->signup()
 5 SYSTEMPATH\CodeIgniter.php(497): CodeIgniter\CodeIgniter->runController(Object(App\Controllers\Home))
 6 SYSTEMPATH\CodeIgniter.php(366): CodeIgniter\CodeIgniter->handleRequest(null, Object(Config\Cache), false)
 7 FCPATH\index.php(67): CodeIgniter\CodeIgniter->run()
CRITICAL - 2023-08-13 16:57:19 --> Call to undefined method CodeIgniter\View\View::extends()
in APPPATH\Views\Templates\Signup.php on line 1.
 1 SYSTEMPATH\View\View.php(224): include()
 2 SYSTEMPATH\View\View.php(227): CodeIgniter\View\View->CodeIgniter\View\{closure}()
 3 SYSTEMPATH\Common.php(1180): CodeIgniter\View\View->render('Templates/Signup.php', [], true)
 4 APPPATH\Controllers\Home.php(17): view('Templates/Signup.php')
 5 SYSTEMPATH\CodeIgniter.php(932): App\Controllers\Home->signup()
 6 SYSTEMPATH\CodeIgniter.php(497): CodeIgniter\CodeIgniter->runController(Object(App\Controllers\Home))
 7 SYSTEMPATH\CodeIgniter.php(366): CodeIgniter\CodeIgniter->handleRequest(null, Object(Config\Cache), false)
 8 FCPATH\index.php(67): CodeIgniter\CodeIgniter->run()
CRITICAL - 2023-08-13 16:57:21 --> Call to undefined method CodeIgniter\View\View::extends()
in APPPATH\Views\Templates\Signup.php on line 1.
 1 SYSTEMPATH\View\View.php(224): include()
 2 SYSTEMPATH\View\View.php(227): CodeIgniter\View\View->CodeIgniter\View\{closure}()
 3 SYSTEMPATH\Common.php(1180): CodeIgniter\View\View->render('Templates/Signup.php', [], true)
 4 APPPATH\Controllers\Home.php(17): view('Templates/Signup.php')
 5 SYSTEMPATH\CodeIgniter.php(932): App\Controllers\Home->signup()
 6 SYSTEMPATH\CodeIgniter.php(497): CodeIgniter\CodeIgniter->runController(Object(App\Controllers\Home))
 7 SYSTEMPATH\CodeIgniter.php(366): CodeIgniter\CodeIgniter->handleRequest(null, Object(Config\Cache), false)
 8 FCPATH\index.php(67): CodeIgniter\CodeIgniter->run()
CRITICAL - 2023-08-13 16:57:21 --> Call to undefined method CodeIgniter\View\View::extends()
in APPPATH\Views\Templates\Signup.php on line 1.
 1 SYSTEMPATH\View\View.php(224): include()
 2 SYSTEMPATH\View\View.php(227): CodeIgniter\View\View->CodeIgniter\View\{closure}()
 3 SYSTEMPATH\Common.php(1180): CodeIgniter\View\View->render('Templates/Signup.php', [], true)
 4 APPPATH\Controllers\Home.php(17): view('Templates/Signup.php')
 5 SYSTEMPATH\CodeIgniter.php(932): App\Controllers\Home->signup()
 6 SYSTEMPATH\CodeIgniter.php(497): CodeIgniter\CodeIgniter->runController(Object(App\Controllers\Home))
 7 SYSTEMPATH\CodeIgniter.php(366): CodeIgniter\CodeIgniter->handleRequest(null, Object(Config\Cache), false)
 8 FCPATH\index.php(67): CodeIgniter\CodeIgniter->run()
CRITICAL - 2023-08-13 16:57:24 --> Call to undefined method CodeIgniter\View\View::extends()
in APPPATH\Views\Templates\Signup.php on line 1.
 1 SYSTEMPATH\View\View.php(224): include()
 2 SYSTEMPATH\View\View.php(227): CodeIgniter\View\View->CodeIgniter\View\{closure}()
 3 SYSTEMPATH\Common.php(1180): CodeIgniter\View\View->render('Templates/Signup.php', [], true)
 4 APPPATH\Controllers\Home.php(17): view('Templates/Signup.php')
 5 SYSTEMPATH\CodeIgniter.php(932): App\Controllers\Home->signup()
 6 SYSTEMPATH\CodeIgniter.php(497): CodeIgniter\CodeIgniter->runController(Object(App\Controllers\Home))
 7 SYSTEMPATH\CodeIgniter.php(366): CodeIgniter\CodeIgniter->handleRequest(null, Object(Config\Cache), false)
 8 FCPATH\index.php(67): CodeIgniter\CodeIgniter->run()
CRITICAL - 2023-08-13 17:01:03 --> Call to undefined method CodeIgniter\View\View::extends()
in APPPATH\Views\Templates\Signup.php on line 1.
 1 SYSTEMPATH\View\View.php(224): include()
 2 SYSTEMPATH\View\View.php(227): CodeIgniter\View\View->CodeIgniter\View\{closure}()
 3 SYSTEMPATH\Common.php(1180): CodeIgniter\View\View->render('Templates/Signup.php', [], true)
 4 APPPATH\Controllers\Home.php(17): view('Templates/Signup.php')
 5 SYSTEMPATH\CodeIgniter.php(932): App\Controllers\Home->signup()
 6 SYSTEMPATH\CodeIgniter.php(497): CodeIgniter\CodeIgniter->runController(Object(App\Controllers\Home))
 7 SYSTEMPATH\CodeIgniter.php(366): CodeIgniter\CodeIgniter->handleRequest(null, Object(Config\Cache), false)
 8 FCPATH\index.php(67): CodeIgniter\CodeIgniter->run()
CRITICAL - 2023-08-13 17:01:49 --> Call to undefined method CodeIgniter\View\View::extends()
in APPPATH\Views\Templates\Signup.php on line 1.
 1 SYSTEMPATH\View\View.php(224): include()
 2 SYSTEMPATH\View\View.php(227): CodeIgniter\View\View->CodeIgniter\View\{closure}()
 3 SYSTEMPATH\Common.php(1180): CodeIgniter\View\View->render('Templates/Signup.php', [], true)
 4 APPPATH\Controllers\Home.php(17): view('Templates/Signup.php')
 5 SYSTEMPATH\CodeIgniter.php(932): App\Controllers\Home->signup()
 6 SYSTEMPATH\CodeIgniter.php(497): CodeIgniter\CodeIgniter->runController(Object(App\Controllers\Home))
 7 SYSTEMPATH\CodeIgniter.php(366): CodeIgniter\CodeIgniter->handleRequest(null, Object(Config\Cache), false)
 8 FCPATH\index.php(67): CodeIgniter\CodeIgniter->run()
CRITICAL - 2023-08-13 17:01:49 --> Call to undefined method CodeIgniter\View\View::extends()
in APPPATH\Views\Templates\Signup.php on line 1.
 1 SYSTEMPATH\View\View.php(224): include()
 2 SYSTEMPATH\View\View.php(227): CodeIgniter\View\View->CodeIgniter\View\{closure}()
 3 SYSTEMPATH\Common.php(1180): CodeIgniter\View\View->render('Templates/Signup.php', [], true)
 4 APPPATH\Controllers\Home.php(17): view('Templates/Signup.php')
 5 SYSTEMPATH\CodeIgniter.php(932): App\Controllers\Home->signup()
 6 SYSTEMPATH\CodeIgniter.php(497): CodeIgniter\CodeIgniter->runController(Object(App\Controllers\Home))
 7 SYSTEMPATH\CodeIgniter.php(366): CodeIgniter\CodeIgniter->handleRequest(null, Object(Config\Cache), false)
 8 FCPATH\index.php(67): CodeIgniter\CodeIgniter->run()
CRITICAL - 2023-08-13 17:01:49 --> Call to undefined method CodeIgniter\View\View::extends()
in APPPATH\Views\Templates\Signup.php on line 1.
 1 SYSTEMPATH\View\View.php(224): include()
 2 SYSTEMPATH\View\View.php(227): CodeIgniter\View\View->CodeIgniter\View\{closure}()
 3 SYSTEMPATH\Common.php(1180): CodeIgniter\View\View->render('Templates/Signup.php', [], true)
 4 APPPATH\Controllers\Home.php(17): view('Templates/Signup.php')
 5 SYSTEMPATH\CodeIgniter.php(932): App\Controllers\Home->signup()
 6 SYSTEMPATH\CodeIgniter.php(497): CodeIgniter\CodeIgniter->runController(Object(App\Controllers\Home))
 7 SYSTEMPATH\CodeIgniter.php(366): CodeIgniter\CodeIgniter->handleRequest(null, Object(Config\Cache), false)
 8 FCPATH\index.php(67): CodeIgniter\CodeIgniter->run()
CRITICAL - 2023-08-13 09:19:50 --> Class "Models\Users" not found
in APPPATH\Controllers\UserController.php on line 9.
 1 SYSTEMPATH\CodeIgniter.php(932): App\Controllers\UserController->setData()
 2 SYSTEMPATH\CodeIgniter.php(497): CodeIgniter\CodeIgniter->runController(Object(App\Controllers\UserController))
 3 SYSTEMPATH\CodeIgniter.php(366): CodeIgniter\CodeIgniter->handleRequest(null, Object(Config\Cache), false)
 4 FCPATH\index.php(67): CodeIgniter\CodeIgniter->run()
CRITICAL - 2023-08-13 09:23:05 --> Undefined array key "firstName"
in APPPATH\Controllers\UserController.php on line 10.
 1 APPPATH\Controllers\UserController.php(10): CodeIgniter\Debug\Exceptions->errorHandler(2, 'Undefined array key "firstName"', 'C:\\xampp\\htdocs\\cd4\\app\\Controllers\\UserController.php', 10)
 2 SYSTEMPATH\CodeIgniter.php(932): App\Controllers\UserController->setData()
 3 SYSTEMPATH\CodeIgniter.php(497): CodeIgniter\CodeIgniter->runController(Object(App\Controllers\UserController))
 4 SYSTEMPATH\CodeIgniter.php(366): CodeIgniter\CodeIgniter->handleRequest(null, Object(Config\Cache), false)
 5 FCPATH\index.php(67): CodeIgniter\CodeIgniter->run()
CRITICAL - 2023-08-13 09:55:00 --> Undefined variable $firstName
in APPPATH\Views\Templates\Login.php on line 15.
 1 APPPATH\Views\Templates\Login.php(15): CodeIgniter\Debug\Exceptions->errorHandler(2, 'Undefined variable $firstName', 'C:\\xampp\\htdocs\\cd4\\app\\Views\\Templates\\Login.php', 15)
 2 SYSTEMPATH\View\View.php(224): include('C:\\xampp\\htdocs\\cd4\\app\\Views\\Templates\\Login.php')
 3 SYSTEMPATH\View\View.php(227): CodeIgniter\View\View->CodeIgniter\View\{closure}()
 4 SYSTEMPATH\Common.php(1180): CodeIgniter\View\View->render('Templates/Login.php', [], true)
 5 APPPATH\Controllers\UserController.php(11): view('Templates/Login.php')
 6 SYSTEMPATH\CodeIgniter.php(932): App\Controllers\UserController->setData()
 7 SYSTEMPATH\CodeIgniter.php(497): CodeIgniter\CodeIgniter->runController(Object(App\Controllers\UserController))
 8 SYSTEMPATH\CodeIgniter.php(366): CodeIgniter\CodeIgniter->handleRequest(null, Object(Config\Cache), false)
 9 FCPATH\index.php(67): CodeIgniter\CodeIgniter->run()
CRITICAL - 2023-08-13 09:55:24 --> Undefined variable $firstName
in APPPATH\Views\Templates\Login.php on line 15.
 1 APPPATH\Views\Templates\Login.php(15): CodeIgniter\Debug\Exceptions->errorHandler(2, 'Undefined variable $firstName', 'C:\\xampp\\htdocs\\cd4\\app\\Views\\Templates\\Login.php', 15)
 2 SYSTEMPATH\View\View.php(224): include('C:\\xampp\\htdocs\\cd4\\app\\Views\\Templates\\Login.php')
 3 SYSTEMPATH\View\View.php(227): CodeIgniter\View\View->CodeIgniter\View\{closure}()
 4 SYSTEMPATH\Common.php(1180): CodeIgniter\View\View->render('Templates/Login.php', [], true)
 5 APPPATH\Controllers\UserController.php(11): view('Templates/Login.php')
 6 SYSTEMPATH\CodeIgniter.php(932): App\Controllers\UserController->setData()
 7 SYSTEMPATH\CodeIgniter.php(497): CodeIgniter\CodeIgniter->runController(Object(App\Controllers\UserController))
 8 SYSTEMPATH\CodeIgniter.php(366): CodeIgniter\CodeIgniter->handleRequest(null, Object(Config\Cache), false)
 9 FCPATH\index.php(67): CodeIgniter\CodeIgniter->run()
CRITICAL - 2023-08-13 10:07:28 --> Call to undefined method App\Controllers\UserController::getMethod()
in APPPATH\Controllers\UserController.php on line 9.
 1 SYSTEMPATH\CodeIgniter.php(932): App\Controllers\UserController->setData()
 2 SYSTEMPATH\CodeIgniter.php(497): CodeIgniter\CodeIgniter->runController(Object(App\Controllers\UserController))
 3 SYSTEMPATH\CodeIgniter.php(366): CodeIgniter\CodeIgniter->handleRequest(null, Object(Config\Cache), false)
 4 FCPATH\index.php(67): CodeIgniter\CodeIgniter->run()
CRITICAL - 2023-08-13 10:08:21 --> view(): Argument #2 ($data) must be of type array, string given, called in C:\xampp\htdocs\cd4\app\Controllers\UserController.php on line 16
in SYSTEMPATH\Common.php on line 1168.
 1 APPPATH\Controllers\UserController.php(16): view('Templates/Login.php', 'not inserted')
 2 SYSTEMPATH\CodeIgniter.php(932): App\Controllers\UserController->setData()
 3 SYSTEMPATH\CodeIgniter.php(497): CodeIgniter\CodeIgniter->runController(Object(App\Controllers\UserController))
 4 SYSTEMPATH\CodeIgniter.php(366): CodeIgniter\CodeIgniter->handleRequest(null, Object(Config\Cache), false)
 5 FCPATH\index.php(67): CodeIgniter\CodeIgniter->run()
CRITICAL - 2023-08-13 10:09:13 --> Undefined variable $err
in APPPATH\Views\Templates\Login.php on line 15.
 1 APPPATH\Views\Templates\Login.php(15): CodeIgniter\Debug\Exceptions->errorHandler(2, 'Undefined variable $err', 'C:\\xampp\\htdocs\\cd4\\app\\Views\\Templates\\Login.php', 15)
 2 SYSTEMPATH\View\View.php(224): include('C:\\xampp\\htdocs\\cd4\\app\\Views\\Templates\\Login.php')
 3 SYSTEMPATH\View\View.php(227): CodeIgniter\View\View->CodeIgniter\View\{closure}()
 4 SYSTEMPATH\Common.php(1180): CodeIgniter\View\View->render('Templates/Login.php', [], true)
 5 APPPATH\Controllers\UserController.php(16): view('Templates/Login.php', [...])
 6 SYSTEMPATH\CodeIgniter.php(932): App\Controllers\UserController->setData()
 7 SYSTEMPATH\CodeIgniter.php(497): CodeIgniter\CodeIgniter->runController(Object(App\Controllers\UserController))
 8 SYSTEMPATH\CodeIgniter.php(366): CodeIgniter\CodeIgniter->handleRequest(null, Object(Config\Cache), false)
 9 FCPATH\index.php(67): CodeIgniter\CodeIgniter->run()
CRITICAL - 2023-08-13 10:09:53 --> Undefined variable $err
in APPPATH\Views\Templates\Login.php on line 15.
 1 APPPATH\Views\Templates\Login.php(15): CodeIgniter\Debug\Exceptions->errorHandler(2, 'Undefined variable $err', 'C:\\xampp\\htdocs\\cd4\\app\\Views\\Templates\\Login.php', 15)
 2 SYSTEMPATH\View\View.php(224): include('C:\\xampp\\htdocs\\cd4\\app\\Views\\Templates\\Login.php')
 3 SYSTEMPATH\View\View.php(227): CodeIgniter\View\View->CodeIgniter\View\{closure}()
 4 SYSTEMPATH\Common.php(1180): CodeIgniter\View\View->render('Templates/Login.php', [], true)
 5 APPPATH\Controllers\Home.php(13): view('Templates/Login.php')
 6 SYSTEMPATH\CodeIgniter.php(932): App\Controllers\Home->login()
 7 SYSTEMPATH\CodeIgniter.php(497): CodeIgniter\CodeIgniter->runController(Object(App\Controllers\Home))
 8 SYSTEMPATH\CodeIgniter.php(366): CodeIgniter\CodeIgniter->handleRequest(null, Object(Config\Cache), false)
 9 FCPATH\index.php(67): CodeIgniter\CodeIgniter->run()
CRITICAL - 2023-08-13 10:10:01 --> Undefined variable $err
in APPPATH\Views\Templates\Login.php on line 15.
 1 APPPATH\Views\Templates\Login.php(15): CodeIgniter\Debug\Exceptions->errorHandler(2, 'Undefined variable $err', 'C:\\xampp\\htdocs\\cd4\\app\\Views\\Templates\\Login.php', 15)
 2 SYSTEMPATH\View\View.php(224): include('C:\\xampp\\htdocs\\cd4\\app\\Views\\Templates\\Login.php')
 3 SYSTEMPATH\View\View.php(227): CodeIgniter\View\View->CodeIgniter\View\{closure}()
 4 SYSTEMPATH\Common.php(1180): CodeIgniter\View\View->render('Templates/Login.php', [], true)
 5 APPPATH\Controllers\UserController.php(16): view('Templates/Login.php', [...])
 6 SYSTEMPATH\CodeIgniter.php(932): App\Controllers\UserController->setData()
 7 SYSTEMPATH\CodeIgniter.php(497): CodeIgniter\CodeIgniter->runController(Object(App\Controllers\UserController))
 8 SYSTEMPATH\CodeIgniter.php(366): CodeIgniter\CodeIgniter->handleRequest(null, Object(Config\Cache), false)
 9 FCPATH\index.php(67): CodeIgniter\CodeIgniter->run()
CRITICAL - 2023-08-13 10:21:37 --> Unclosed '{' on line 7
in APPPATH\Controllers\UserController.php on line 17.
 1 SYSTEMPATH\Autoloader\Autoloader.php(289): CodeIgniter\Autoloader\Autoloader->includeFile('C:\\xampp\\htdocs\\cd4\\app\\Controllers\\UserController.php')
 2 SYSTEMPATH\Autoloader\Autoloader.php(267): CodeIgniter\Autoloader\Autoloader->loadInNamespace('App\\Controllers\\UserController')
 3 [internal function]: CodeIgniter\Autoloader\Autoloader->loadClass('App\\Controllers\\UserController')
 4 SYSTEMPATH\CodeIgniter.php(890): class_exists('\\App\\Controllers\\UserController', true)
 5 SYSTEMPATH\CodeIgniter.php(484): CodeIgniter\CodeIgniter->startController()
 6 SYSTEMPATH\CodeIgniter.php(366): CodeIgniter\CodeIgniter->handleRequest(null, Object(Config\Cache), false)
 7 FCPATH\index.php(67): CodeIgniter\CodeIgniter->run()
CRITICAL - 2023-08-13 10:22:18 --> Undefined property: App\Controllers\UserController::$input
in APPPATH\Controllers\UserController.php on line 11.
 1 APPPATH\Controllers\UserController.php(11): CodeIgniter\Debug\Exceptions->errorHandler(2, 'Undefined property: App\\Controllers\\UserController::$input', 'C:\\xampp\\htdocs\\cd4\\app\\Controllers\\UserController.php', 11)
 2 SYSTEMPATH\CodeIgniter.php(932): App\Controllers\UserController->setData()
 3 SYSTEMPATH\CodeIgniter.php(497): CodeIgniter\CodeIgniter->runController(Object(App\Controllers\UserController))
 4 SYSTEMPATH\CodeIgniter.php(366): CodeIgniter\CodeIgniter->handleRequest(null, Object(Config\Cache), false)
 5 FCPATH\index.php(67): CodeIgniter\CodeIgniter->run()
CRITICAL - 2023-08-13 10:22:50 --> Undefined property: App\Controllers\UserController::$input
in APPPATH\Controllers\UserController.php on line 11.
 1 APPPATH\Controllers\UserController.php(11): CodeIgniter\Debug\Exceptions->errorHandler(2, 'Undefined property: App\\Controllers\\UserController::$input', 'C:\\xampp\\htdocs\\cd4\\app\\Controllers\\UserController.php', 11)
 2 SYSTEMPATH\CodeIgniter.php(932): App\Controllers\UserController->setData()
 3 SYSTEMPATH\CodeIgniter.php(497): CodeIgniter\CodeIgniter->runController(Object(App\Controllers\UserController))
 4 SYSTEMPATH\CodeIgniter.php(366): CodeIgniter\CodeIgniter->handleRequest(null, Object(Config\Cache), false)
 5 FCPATH\index.php(67): CodeIgniter\CodeIgniter->run()
CRITICAL - 2023-08-13 10:39:15 --> Undefined variable $err
in APPPATH\Views\Templates\Login.php on line 15.
 1 APPPATH\Views\Templates\Login.php(15): CodeIgniter\Debug\Exceptions->errorHandler(2, 'Undefined variable $err', 'C:\\xampp\\htdocs\\cd4\\app\\Views\\Templates\\Login.php', 15)
 2 SYSTEMPATH\View\View.php(224): include('C:\\xampp\\htdocs\\cd4\\app\\Views\\Templates\\Login.php')
 3 SYSTEMPATH\View\View.php(227): CodeIgniter\View\View->CodeIgniter\View\{closure}()
 4 SYSTEMPATH\Common.php(1180): CodeIgniter\View\View->render('Templates/Login.php', [], true)
 5 APPPATH\Controllers\UserController.php(12): view('Templates/Login.php')
 6 SYSTEMPATH\CodeIgniter.php(932): App\Controllers\UserController->setData()
 7 SYSTEMPATH\CodeIgniter.php(497): CodeIgniter\CodeIgniter->runController(Object(App\Controllers\UserController))
 8 SYSTEMPATH\CodeIgniter.php(366): CodeIgniter\CodeIgniter->handleRequest(null, Object(Config\Cache), false)
 9 FCPATH\index.php(67): CodeIgniter\CodeIgniter->run()
CRITICAL - 2023-08-13 10:42:30 --> view(): Argument #2 ($data) must be of type array, string given, called in C:\xampp\htdocs\cd4\app\Controllers\UserController.php on line 12
in SYSTEMPATH\Common.php on line 1168.
 1 APPPATH\Controllers\UserController.php(12): view('Templates/Login.php', 'Navid')
 2 SYSTEMPATH\CodeIgniter.php(932): App\Controllers\UserController->setData()
 3 SYSTEMPATH\CodeIgniter.php(497): CodeIgniter\CodeIgniter->runController(Object(App\Controllers\UserController))
 4 SYSTEMPATH\CodeIgniter.php(366): CodeIgniter\CodeIgniter->handleRequest(null, Object(Config\Cache), false)
 5 FCPATH\index.php(67): CodeIgniter\CodeIgniter->run()
CRITICAL - 2023-08-13 10:43:33 --> Array to string conversion
in APPPATH\Controllers\UserController.php on line 11.
 1 APPPATH\Controllers\UserController.php(11): CodeIgniter\Debug\Exceptions->errorHandler(2, 'Array to string conversion', 'C:\\xampp\\htdocs\\cd4\\app\\Controllers\\UserController.php', 11)
 2 SYSTEMPATH\CodeIgniter.php(932): App\Controllers\UserController->setData()
 3 SYSTEMPATH\CodeIgniter.php(497): CodeIgniter\CodeIgniter->runController(Object(App\Controllers\UserController))
 4 SYSTEMPATH\CodeIgniter.php(366): CodeIgniter\CodeIgniter->handleRequest(null, Object(Config\Cache), false)
 5 FCPATH\index.php(67): CodeIgniter\CodeIgniter->run()
CRITICAL - 2023-08-13 10:47:13 --> view(): Argument #2 ($data) must be of type array, string given, called in C:\xampp\htdocs\cd4\app\Controllers\UserController.php on line 12
in SYSTEMPATH\Common.php on line 1168.
 1 APPPATH\Controllers\UserController.php(12): view('Templates/Login.php', 'Jamshid')
 2 SYSTEMPATH\CodeIgniter.php(932): App\Controllers\UserController->setData()
 3 SYSTEMPATH\CodeIgniter.php(497): CodeIgniter\CodeIgniter->runController(Object(App\Controllers\UserController))
 4 SYSTEMPATH\CodeIgniter.php(366): CodeIgniter\CodeIgniter->handleRequest(null, Object(Config\Cache), false)
 5 FCPATH\index.php(67): CodeIgniter\CodeIgniter->run()
CRITICAL - 2023-08-13 11:02:24 --> Invalid file: "dashboard.php"
in SYSTEMPATH\Exceptions\FrameworkException.php on line 33.
 1 SYSTEMPATH\View\View.php(212): CodeIgniter\Exceptions\FrameworkException::forInvalidFile('dashboard.php')
 2 SYSTEMPATH\Common.php(1180): CodeIgniter\View\View->render('dashboard', [], true)
 3 APPPATH\Controllers\UserController.php(12): view('dashboard')
 4 SYSTEMPATH\CodeIgniter.php(932): App\Controllers\UserController->setData()
 5 SYSTEMPATH\CodeIgniter.php(497): CodeIgniter\CodeIgniter->runController(Object(App\Controllers\UserController))
 6 SYSTEMPATH\CodeIgniter.php(366): CodeIgniter\CodeIgniter->handleRequest(null, Object(Config\Cache), false)
 7 FCPATH\index.php(67): CodeIgniter\CodeIgniter->run()
CRITICAL - 2023-08-13 11:04:54 --> Undefined variable $user
in APPPATH\Controllers\UserController.php on line 11.
 1 APPPATH\Controllers\UserController.php(11): CodeIgniter\Debug\Exceptions->errorHandler(2, 'Undefined variable $user', 'C:\\xampp\\htdocs\\cd4\\app\\Controllers\\UserController.php', 11)
 2 SYSTEMPATH\CodeIgniter.php(932): App\Controllers\UserController->setData()
 3 SYSTEMPATH\CodeIgniter.php(497): CodeIgniter\CodeIgniter->runController(Object(App\Controllers\UserController))
 4 SYSTEMPATH\CodeIgniter.php(366): CodeIgniter\CodeIgniter->handleRequest(null, Object(Config\Cache), false)
 5 FCPATH\index.php(67): CodeIgniter\CodeIgniter->run()
CRITICAL - 2023-08-13 11:21:53 --> Undefined variable $allUsers
in APPPATH\Views\Templates\dashboard.php on line 16.
 1 APPPATH\Views\Templates\dashboard.php(16): CodeIgniter\Debug\Exceptions->errorHandler(2, 'Undefined variable $allUsers', 'C:\\xampp\\htdocs\\cd4\\app\\Views\\Templates\\dashboard.php', 16)
 2 SYSTEMPATH\View\View.php(224): include('C:\\xampp\\htdocs\\cd4\\app\\Views\\Templates\\dashboard.php')
 3 SYSTEMPATH\View\View.php(227): CodeIgniter\View\View->CodeIgniter\View\{closure}()
 4 SYSTEMPATH\Common.php(1180): CodeIgniter\View\View->render('Templates/dashboard.php', [], true)
 5 APPPATH\Controllers\Home.php(9): view('Templates/dashboard.php')
 6 SYSTEMPATH\CodeIgniter.php(932): App\Controllers\Home->index()
 7 SYSTEMPATH\CodeIgniter.php(497): CodeIgniter\CodeIgniter->runController(Object(App\Controllers\Home))
 8 SYSTEMPATH\CodeIgniter.php(366): CodeIgniter\CodeIgniter->handleRequest(null, Object(Config\Cache), false)
 9 FCPATH\index.php(67): CodeIgniter\CodeIgniter->run()
CRITICAL - 2023-08-13 11:22:41 --> Undefined variable $allUsers
in APPPATH\Views\Templates\dashboard.php on line 16.
 1 APPPATH\Views\Templates\dashboard.php(16): CodeIgniter\Debug\Exceptions->errorHandler(2, 'Undefined variable $allUsers', 'C:\\xampp\\htdocs\\cd4\\app\\Views\\Templates\\dashboard.php', 16)
 2 SYSTEMPATH\View\View.php(224): include('C:\\xampp\\htdocs\\cd4\\app\\Views\\Templates\\dashboard.php')
 3 SYSTEMPATH\View\View.php(227): CodeIgniter\View\View->CodeIgniter\View\{closure}()
 4 SYSTEMPATH\Common.php(1180): CodeIgniter\View\View->render('Templates/dashboard.php', [], true)
 5 APPPATH\Controllers\Home.php(9): view('Templates/dashboard.php')
 6 SYSTEMPATH\CodeIgniter.php(932): App\Controllers\Home->index()
 7 SYSTEMPATH\CodeIgniter.php(497): CodeIgniter\CodeIgniter->runController(Object(App\Controllers\Home))
 8 SYSTEMPATH\CodeIgniter.php(366): CodeIgniter\CodeIgniter->handleRequest(null, Object(Config\Cache), false)
 9 FCPATH\index.php(67): CodeIgniter\CodeIgniter->run()
CRITICAL - 2023-08-13 11:23:09 --> Undefined variable $allUsers
in APPPATH\Views\Templates\dashboard.php on line 16.
 1 APPPATH\Views\Templates\dashboard.php(16): CodeIgniter\Debug\Exceptions->errorHandler(2, 'Undefined variable $allUsers', 'C:\\xampp\\htdocs\\cd4\\app\\Views\\Templates\\dashboard.php', 16)
 2 SYSTEMPATH\View\View.php(224): include('C:\\xampp\\htdocs\\cd4\\app\\Views\\Templates\\dashboard.php')
 3 SYSTEMPATH\View\View.php(227): CodeIgniter\View\View->CodeIgniter\View\{closure}()
 4 SYSTEMPATH\Common.php(1180): CodeIgniter\View\View->render('Templates/dashboard.php', [], true)
 5 APPPATH\Controllers\Home.php(9): view('Templates/dashboard.php')
 6 SYSTEMPATH\CodeIgniter.php(932): App\Controllers\Home->index()
 7 SYSTEMPATH\CodeIgniter.php(497): CodeIgniter\CodeIgniter->runController(Object(App\Controllers\Home))
 8 SYSTEMPATH\CodeIgniter.php(366): CodeIgniter\CodeIgniter->handleRequest(null, Object(Config\Cache), false)
 9 FCPATH\index.php(67): CodeIgniter\CodeIgniter->run()
CRITICAL - 2023-08-13 11:24:44 --> Undefined variable $allUsers
in APPPATH\Views\Templates\dashboard.php on line 16.
 1 APPPATH\Views\Templates\dashboard.php(16): CodeIgniter\Debug\Exceptions->errorHandler(2, 'Undefined variable $allUsers', 'C:\\xampp\\htdocs\\cd4\\app\\Views\\Templates\\dashboard.php', 16)
 2 SYSTEMPATH\View\View.php(224): include('C:\\xampp\\htdocs\\cd4\\app\\Views\\Templates\\dashboard.php')
 3 SYSTEMPATH\View\View.php(227): CodeIgniter\View\View->CodeIgniter\View\{closure}()
 4 SYSTEMPATH\Common.php(1180): CodeIgniter\View\View->render('Templates/dashboard.php', [], true)
 5 APPPATH\Controllers\Home.php(9): view('Templates/dashboard.php')
 6 SYSTEMPATH\CodeIgniter.php(932): App\Controllers\Home->index()
 7 SYSTEMPATH\CodeIgniter.php(497): CodeIgniter\CodeIgniter->runController(Object(App\Controllers\Home))
 8 SYSTEMPATH\CodeIgniter.php(366): CodeIgniter\CodeIgniter->handleRequest(null, Object(Config\Cache), false)
 9 FCPATH\index.php(67): CodeIgniter\CodeIgniter->run()
CRITICAL - 2023-08-13 11:24:46 --> Undefined variable $allUsers
in APPPATH\Views\Templates\dashboard.php on line 16.
 1 APPPATH\Views\Templates\dashboard.php(16): CodeIgniter\Debug\Exceptions->errorHandler(2, 'Undefined variable $allUsers', 'C:\\xampp\\htdocs\\cd4\\app\\Views\\Templates\\dashboard.php', 16)
 2 SYSTEMPATH\View\View.php(224): include('C:\\xampp\\htdocs\\cd4\\app\\Views\\Templates\\dashboard.php')
 3 SYSTEMPATH\View\View.php(227): CodeIgniter\View\View->CodeIgniter\View\{closure}()
 4 SYSTEMPATH\Common.php(1180): CodeIgniter\View\View->render('Templates/dashboard.php', [], true)
 5 APPPATH\Controllers\Home.php(9): view('Templates/dashboard.php')
 6 SYSTEMPATH\CodeIgniter.php(932): App\Controllers\Home->index()
 7 SYSTEMPATH\CodeIgniter.php(497): CodeIgniter\CodeIgniter->runController(Object(App\Controllers\Home))
 8 SYSTEMPATH\CodeIgniter.php(366): CodeIgniter\CodeIgniter->handleRequest(null, Object(Config\Cache), false)
 9 FCPATH\index.php(67): CodeIgniter\CodeIgniter->run()
CRITICAL - 2023-08-13 11:25:43 --> Undefined variable $allUsers
in APPPATH\Views\Templates\dashboard.php on line 16.
 1 APPPATH\Views\Templates\dashboard.php(16): CodeIgniter\Debug\Exceptions->errorHandler(2, 'Undefined variable $allUsers', 'C:\\xampp\\htdocs\\cd4\\app\\Views\\Templates\\dashboard.php', 16)
 2 SYSTEMPATH\View\View.php(224): include('C:\\xampp\\htdocs\\cd4\\app\\Views\\Templates\\dashboard.php')
 3 SYSTEMPATH\View\View.php(227): CodeIgniter\View\View->CodeIgniter\View\{closure}()
 4 SYSTEMPATH\Common.php(1180): CodeIgniter\View\View->render('Templates/dashboard.php', [], true)
 5 APPPATH\Controllers\Home.php(9): view('Templates/dashboard.php')
 6 SYSTEMPATH\CodeIgniter.php(932): App\Controllers\Home->index()
 7 SYSTEMPATH\CodeIgniter.php(497): CodeIgniter\CodeIgniter->runController(Object(App\Controllers\Home))
 8 SYSTEMPATH\CodeIgniter.php(366): CodeIgniter\CodeIgniter->handleRequest(null, Object(Config\Cache), false)
 9 FCPATH\index.php(67): CodeIgniter\CodeIgniter->run()
CRITICAL - 2023-08-13 11:26:09 --> Unclosed '{' on line 16
in APPPATH\Views\Templates\dashboard.php on line 25.
 1 SYSTEMPATH\View\View.php(227): CodeIgniter\View\View->CodeIgniter\View\{closure}()
 2 SYSTEMPATH\Common.php(1180): CodeIgniter\View\View->render('Templates/dashboard.php', [], true)
 3 APPPATH\Controllers\Home.php(9): view('Templates/dashboard.php')
 4 SYSTEMPATH\CodeIgniter.php(932): App\Controllers\Home->index()
 5 SYSTEMPATH\CodeIgniter.php(497): CodeIgniter\CodeIgniter->runController(Object(App\Controllers\Home))
 6 SYSTEMPATH\CodeIgniter.php(366): CodeIgniter\CodeIgniter->handleRequest(null, Object(Config\Cache), false)
 7 FCPATH\index.php(67): CodeIgniter\CodeIgniter->run()
CRITICAL - 2023-08-13 11:34:32 --> Undefined variable $allUsers
in APPPATH\Views\Templates\dashboard.php on line 16.
 1 APPPATH\Views\Templates\dashboard.php(16): CodeIgniter\Debug\Exceptions->errorHandler(2, 'Undefined variable $allUsers', 'C:\\xampp\\htdocs\\cd4\\app\\Views\\Templates\\dashboard.php', 16)
 2 SYSTEMPATH\View\View.php(224): include('C:\\xampp\\htdocs\\cd4\\app\\Views\\Templates\\dashboard.php')
 3 SYSTEMPATH\View\View.php(227): CodeIgniter\View\View->CodeIgniter\View\{closure}()
 4 SYSTEMPATH\Common.php(1180): CodeIgniter\View\View->render('Templates/dashboard.php', [], true)
 5 APPPATH\Controllers\Home.php(9): view('Templates/dashboard.php')
 6 SYSTEMPATH\CodeIgniter.php(932): App\Controllers\Home->index()
 7 SYSTEMPATH\CodeIgniter.php(497): CodeIgniter\CodeIgniter->runController(Object(App\Controllers\Home))
 8 SYSTEMPATH\CodeIgniter.php(366): CodeIgniter\CodeIgniter->handleRequest(null, Object(Config\Cache), false)
 9 FCPATH\index.php(67): CodeIgniter\CodeIgniter->run()
CRITICAL - 2023-08-13 11:47:35 --> Undefined variable $allUsers
in APPPATH\Controllers\UserController.php on line 21.
 1 APPPATH\Controllers\UserController.php(21): CodeIgniter\Debug\Exceptions->errorHandler(2, 'Undefined variable $allUsers', 'C:\\xampp\\htdocs\\cd4\\app\\Controllers\\UserController.php', 21)
 2 SYSTEMPATH\CodeIgniter.php(932): App\Controllers\UserController->getData()
 3 SYSTEMPATH\CodeIgniter.php(497): CodeIgniter\CodeIgniter->runController(Object(App\Controllers\UserController))
 4 SYSTEMPATH\CodeIgniter.php(366): CodeIgniter\CodeIgniter->handleRequest(null, Object(Config\Cache), false)
 5 FCPATH\index.php(67): CodeIgniter\CodeIgniter->run()
CRITICAL - 2023-08-13 11:50:05 --> Undefined variable $allUsers
in APPPATH\Controllers\UserController.php on line 21.
 1 APPPATH\Controllers\UserController.php(21): CodeIgniter\Debug\Exceptions->errorHandler(2, 'Undefined variable $allUsers', 'C:\\xampp\\htdocs\\cd4\\app\\Controllers\\UserController.php', 21)
 2 SYSTEMPATH\CodeIgniter.php(932): App\Controllers\UserController->getData()
 3 SYSTEMPATH\CodeIgniter.php(497): CodeIgniter\CodeIgniter->runController(Object(App\Controllers\UserController))
 4 SYSTEMPATH\CodeIgniter.php(366): CodeIgniter\CodeIgniter->handleRequest(null, Object(Config\Cache), false)
 5 FCPATH\index.php(67): CodeIgniter\CodeIgniter->run()
CRITICAL - 2023-08-13 11:50:08 --> Undefined variable $allUsers
in APPPATH\Controllers\UserController.php on line 21.
 1 APPPATH\Controllers\UserController.php(21): CodeIgniter\Debug\Exceptions->errorHandler(2, 'Undefined variable $allUsers', 'C:\\xampp\\htdocs\\cd4\\app\\Controllers\\UserController.php', 21)
 2 SYSTEMPATH\CodeIgniter.php(932): App\Controllers\UserController->getData()
 3 SYSTEMPATH\CodeIgniter.php(497): CodeIgniter\CodeIgniter->runController(Object(App\Controllers\UserController))
 4 SYSTEMPATH\CodeIgniter.php(366): CodeIgniter\CodeIgniter->handleRequest(null, Object(Config\Cache), false)
 5 FCPATH\index.php(67): CodeIgniter\CodeIgniter->run()
CRITICAL - 2023-08-13 11:50:09 --> Undefined variable $allUsers
in APPPATH\Controllers\UserController.php on line 21.
 1 APPPATH\Controllers\UserController.php(21): CodeIgniter\Debug\Exceptions->errorHandler(2, 'Undefined variable $allUsers', 'C:\\xampp\\htdocs\\cd4\\app\\Controllers\\UserController.php', 21)
 2 SYSTEMPATH\CodeIgniter.php(932): App\Controllers\UserController->getData()
 3 SYSTEMPATH\CodeIgniter.php(497): CodeIgniter\CodeIgniter->runController(Object(App\Controllers\UserController))
 4 SYSTEMPATH\CodeIgniter.php(366): CodeIgniter\CodeIgniter->handleRequest(null, Object(Config\Cache), false)
 5 FCPATH\index.php(67): CodeIgniter\CodeIgniter->run()
CRITICAL - 2023-08-13 11:50:14 --> Undefined variable $allUsers
in APPPATH\Controllers\UserController.php on line 21.
 1 APPPATH\Controllers\UserController.php(21): CodeIgniter\Debug\Exceptions->errorHandler(2, 'Undefined variable $allUsers', 'C:\\xampp\\htdocs\\cd4\\app\\Controllers\\UserController.php', 21)
 2 SYSTEMPATH\CodeIgniter.php(932): App\Controllers\UserController->getData()
 3 SYSTEMPATH\CodeIgniter.php(497): CodeIgniter\CodeIgniter->runController(Object(App\Controllers\UserController))
 4 SYSTEMPATH\CodeIgniter.php(366): CodeIgniter\CodeIgniter->handleRequest(null, Object(Config\Cache), false)
 5 FCPATH\index.php(67): CodeIgniter\CodeIgniter->run()
CRITICAL - 2023-08-13 11:50:15 --> Undefined variable $allUsers
in APPPATH\Views\Templates\dashboard.php on line 17.
 1 APPPATH\Views\Templates\dashboard.php(17): CodeIgniter\Debug\Exceptions->errorHandler(2, 'Undefined variable $allUsers', 'C:\\xampp\\htdocs\\cd4\\app\\Views\\Templates\\dashboard.php', 17)
 2 SYSTEMPATH\View\View.php(224): include('C:\\xampp\\htdocs\\cd4\\app\\Views\\Templates\\dashboard.php')
 3 SYSTEMPATH\View\View.php(227): CodeIgniter\View\View->CodeIgniter\View\{closure}()
 4 SYSTEMPATH\Common.php(1180): CodeIgniter\View\View->render('Templates/dashboard.php', [], true)
 5 APPPATH\Controllers\Home.php(9): view('Templates/dashboard.php')
 6 SYSTEMPATH\CodeIgniter.php(932): App\Controllers\Home->index()
 7 SYSTEMPATH\CodeIgniter.php(497): CodeIgniter\CodeIgniter->runController(Object(App\Controllers\Home))
 8 SYSTEMPATH\CodeIgniter.php(366): CodeIgniter\CodeIgniter->handleRequest(null, Object(Config\Cache), false)
 9 FCPATH\index.php(67): CodeIgniter\CodeIgniter->run()
CRITICAL - 2023-08-13 11:50:22 --> Undefined variable $allUsers
in APPPATH\Views\Templates\dashboard.php on line 17.
 1 APPPATH\Views\Templates\dashboard.php(17): CodeIgniter\Debug\Exceptions->errorHandler(2, 'Undefined variable $allUsers', 'C:\\xampp\\htdocs\\cd4\\app\\Views\\Templates\\dashboard.php', 17)
 2 SYSTEMPATH\View\View.php(224): include('C:\\xampp\\htdocs\\cd4\\app\\Views\\Templates\\dashboard.php')
 3 SYSTEMPATH\View\View.php(227): CodeIgniter\View\View->CodeIgniter\View\{closure}()
 4 SYSTEMPATH\Common.php(1180): CodeIgniter\View\View->render('Templates/dashboard.php', [], true)
 5 APPPATH\Controllers\Home.php(9): view('Templates/dashboard.php')
 6 SYSTEMPATH\CodeIgniter.php(932): App\Controllers\Home->index()
 7 SYSTEMPATH\CodeIgniter.php(497): CodeIgniter\CodeIgniter->runController(Object(App\Controllers\Home))
 8 SYSTEMPATH\CodeIgniter.php(366): CodeIgniter\CodeIgniter->handleRequest(null, Object(Config\Cache), false)
 9 FCPATH\index.php(67): CodeIgniter\CodeIgniter->run()
CRITICAL - 2023-08-13 11:51:22 --> Undefined variable $allUsers
in APPPATH\Views\Templates\dashboard.php on line 18.
 1 APPPATH\Views\Templates\dashboard.php(18): CodeIgniter\Debug\Exceptions->errorHandler(2, 'Undefined variable $allUsers', 'C:\\xampp\\htdocs\\cd4\\app\\Views\\Templates\\dashboard.php', 18)
 2 SYSTEMPATH\View\View.php(224): include('C:\\xampp\\htdocs\\cd4\\app\\Views\\Templates\\dashboard.php')
 3 SYSTEMPATH\View\View.php(227): CodeIgniter\View\View->CodeIgniter\View\{closure}()
 4 SYSTEMPATH\Common.php(1180): CodeIgniter\View\View->render('Templates/dashboard.php', [], true)
 5 APPPATH\Controllers\Home.php(9): view('Templates/dashboard.php')
 6 SYSTEMPATH\CodeIgniter.php(932): App\Controllers\Home->index()
 7 SYSTEMPATH\CodeIgniter.php(497): CodeIgniter\CodeIgniter->runController(Object(App\Controllers\Home))
 8 SYSTEMPATH\CodeIgniter.php(366): CodeIgniter\CodeIgniter->handleRequest(null, Object(Config\Cache), false)
 9 FCPATH\index.php(67): CodeIgniter\CodeIgniter->run()
CRITICAL - 2023-08-13 11:53:36 --> Undefined variable $allUsers
in APPPATH\Views\Templates\dashboard.php on line 18.
 1 APPPATH\Views\Templates\dashboard.php(18): CodeIgniter\Debug\Exceptions->errorHandler(2, 'Undefined variable $allUsers', 'C:\\xampp\\htdocs\\cd4\\app\\Views\\Templates\\dashboard.php', 18)
 2 SYSTEMPATH\View\View.php(224): include('C:\\xampp\\htdocs\\cd4\\app\\Views\\Templates\\dashboard.php')
 3 SYSTEMPATH\View\View.php(227): CodeIgniter\View\View->CodeIgniter\View\{closure}()
 4 SYSTEMPATH\Common.php(1180): CodeIgniter\View\View->render('Templates/dashboard.php', [], true)
 5 APPPATH\Controllers\Home.php(9): view('Templates/dashboard.php')
 6 SYSTEMPATH\CodeIgniter.php(932): App\Controllers\Home->index()
 7 SYSTEMPATH\CodeIgniter.php(497): CodeIgniter\CodeIgniter->runController(Object(App\Controllers\Home))
 8 SYSTEMPATH\CodeIgniter.php(366): CodeIgniter\CodeIgniter->handleRequest(null, Object(Config\Cache), false)
 9 FCPATH\index.php(67): CodeIgniter\CodeIgniter->run()
CRITICAL - 2023-08-13 11:53:47 --> Undefined variable $allUsers
in APPPATH\Views\Templates\dashboard.php on line 18.
 1 APPPATH\Views\Templates\dashboard.php(18): CodeIgniter\Debug\Exceptions->errorHandler(2, 'Undefined variable $allUsers', 'C:\\xampp\\htdocs\\cd4\\app\\Views\\Templates\\dashboard.php', 18)
 2 SYSTEMPATH\View\View.php(224): include('C:\\xampp\\htdocs\\cd4\\app\\Views\\Templates\\dashboard.php')
 3 SYSTEMPATH\View\View.php(227): CodeIgniter\View\View->CodeIgniter\View\{closure}()
 4 SYSTEMPATH\Common.php(1180): CodeIgniter\View\View->render('Templates/dashboard.php', [], true)
 5 APPPATH\Controllers\Home.php(9): view('Templates/dashboard.php')
 6 SYSTEMPATH\CodeIgniter.php(932): App\Controllers\Home->index()
 7 SYSTEMPATH\CodeIgniter.php(497): CodeIgniter\CodeIgniter->runController(Object(App\Controllers\Home))
 8 SYSTEMPATH\CodeIgniter.php(366): CodeIgniter\CodeIgniter->handleRequest(null, Object(Config\Cache), false)
 9 FCPATH\index.php(67): CodeIgniter\CodeIgniter->run()
CRITICAL - 2023-08-13 11:54:20 --> Undefined variable $allUsers
in APPPATH\Views\Templates\dashboard.php on line 18.
 1 APPPATH\Views\Templates\dashboard.php(18): CodeIgniter\Debug\Exceptions->errorHandler(2, 'Undefined variable $allUsers', 'C:\\xampp\\htdocs\\cd4\\app\\Views\\Templates\\dashboard.php', 18)
 2 SYSTEMPATH\View\View.php(224): include('C:\\xampp\\htdocs\\cd4\\app\\Views\\Templates\\dashboard.php')
 3 SYSTEMPATH\View\View.php(227): CodeIgniter\View\View->CodeIgniter\View\{closure}()
 4 SYSTEMPATH\Common.php(1180): CodeIgniter\View\View->render('Templates/dashboard.php', [], true)
 5 APPPATH\Controllers\UserController.php(15): view('Templates/dashboard.php')
 6 SYSTEMPATH\CodeIgniter.php(932): App\Controllers\UserController->setData()
 7 SYSTEMPATH\CodeIgniter.php(497): CodeIgniter\CodeIgniter->runController(Object(App\Controllers\UserController))
 8 SYSTEMPATH\CodeIgniter.php(366): CodeIgniter\CodeIgniter->handleRequest(null, Object(Config\Cache), false)
 9 FCPATH\index.php(67): CodeIgniter\CodeIgniter->run()
CRITICAL - 2023-08-13 11:58:51 --> Attempt to read property "firstName" on array
in APPPATH\Views\Templates\dashboard.php on line 20.
 1 APPPATH\Views\Templates\dashboard.php(20): CodeIgniter\Debug\Exceptions->errorHandler(2, 'Attempt to read property "firstName" on array', 'C:\\xampp\\htdocs\\cd4\\app\\Views\\Templates\\dashboard.php', 20)
 2 SYSTEMPATH\View\View.php(224): include('C:\\xampp\\htdocs\\cd4\\app\\Views\\Templates\\dashboard.php')
 3 SYSTEMPATH\View\View.php(227): CodeIgniter\View\View->CodeIgniter\View\{closure}()
 4 SYSTEMPATH\Common.php(1180): CodeIgniter\View\View->render('Templates/dashboard.php', [], true)
 5 APPPATH\Controllers\UserController.php(21): view('Templates/dashboard.php', [...])
 6 SYSTEMPATH\CodeIgniter.php(932): App\Controllers\UserController->getData()
 7 SYSTEMPATH\CodeIgniter.php(497): CodeIgniter\CodeIgniter->runController(Object(App\Controllers\UserController))
 8 SYSTEMPATH\CodeIgniter.php(366): CodeIgniter\CodeIgniter->handleRequest(null, Object(Config\Cache), false)
 9 FCPATH\index.php(67): CodeIgniter\CodeIgniter->run()
CRITICAL - 2023-08-13 12:09:05 --> Undefined variable $firstName
in APPPATH\Views\Templates\Login.php on line 15.
 1 APPPATH\Views\Templates\Login.php(15): CodeIgniter\Debug\Exceptions->errorHandler(2, 'Undefined variable $firstName', 'C:\\xampp\\htdocs\\cd4\\app\\Views\\Templates\\Login.php', 15)
 2 SYSTEMPATH\View\View.php(224): include('C:\\xampp\\htdocs\\cd4\\app\\Views\\Templates\\Login.php')
 3 SYSTEMPATH\View\View.php(227): CodeIgniter\View\View->CodeIgniter\View\{closure}()
 4 SYSTEMPATH\Common.php(1180): CodeIgniter\View\View->render('Templates/Login.php', [], true)
 5 APPPATH\Controllers\Home.php(13): view('Templates/Login.php')
 6 SYSTEMPATH\CodeIgniter.php(932): App\Controllers\Home->login()
 7 SYSTEMPATH\CodeIgniter.php(497): CodeIgniter\CodeIgniter->runController(Object(App\Controllers\Home))
 8 SYSTEMPATH\CodeIgniter.php(366): CodeIgniter\CodeIgniter->handleRequest(null, Object(Config\Cache), false)
 9 FCPATH\index.php(67): CodeIgniter\CodeIgniter->run()
